<?xml version="1.0" encoding="UTF-8"?>
<testng-results ignored="0" total="2" passed="2" failed="0" skipped="0">
  <reporter-output>
    <line>
      <![CDATA[open Browser]]>
    </line>
    <line>
      <![CDATA[create]]>
    </line>
    <line>
      <![CDATA[Logout]]>
    </line>
    <line>
      <![CDATA[Close Browser]]>
    </line>
    <line>
      <![CDATA[open Browser]]>
    </line>
    <line>
      <![CDATA[create]]>
    </line>
    <line>
      <![CDATA[Logout]]>
    </line>
    <line>
      <![CDATA[Close Browser]]>
    </line>
  </reporter-output>
  <suite started-at="2023-05-27T21:37:07 IST" name="Suite" finished-at="2023-05-27T21:38:12 IST" duration-ms="65555">
    <groups>
    </groups>
    <test started-at="2023-05-27T21:37:07 IST" name="Test1" finished-at="2023-05-27T21:37:32 IST" duration-ms="25356">
      <class name="com.actitime.testscript.Customer">
        <test-method is-config="true" signature="openBrowser(java.lang.String)[pri:0, instance:com.actitime.testscript.Customer@16ec5519]" started-at="2023-05-27T21:37:07 IST" name="openBrowser" finished-at="2023-05-27T21:37:22 IST" duration-ms="15520" status="PASS">
          <params>
            <param index="0">
              <value>
                <![CDATA[firefox]]>
              </value>
            </param>
          </params>
          <reporter-output>
            <line>
              <![CDATA[open Browser]]>
            </line>
          </reporter-output>
        </test-method> <!-- openBrowser -->
        <test-method is-config="true" signature="login()[pri:0, instance:com.actitime.testscript.Customer@16ec5519]" started-at="2023-05-27T21:37:22 IST" name="login" finished-at="2023-05-27T21:37:23 IST" duration-ms="423" status="PASS">
          <reporter-output>
          </reporter-output>
        </test-method> <!-- login -->
        <test-method signature="customer()[pri:0, instance:com.actitime.testscript.Customer@16ec5519]" started-at="2023-05-27T21:37:23 IST" name="customer" finished-at="2023-05-27T21:37:23 IST" duration-ms="10" status="PASS">
          <reporter-output>
            <line>
              <![CDATA[create]]>
            </line>
          </reporter-output>
        </test-method> <!-- customer -->
        <test-method is-config="true" signature="logout()[pri:0, instance:com.actitime.testscript.Customer@16ec5519]" started-at="2023-05-27T21:37:23 IST" name="logout" finished-at="2023-05-27T21:37:32 IST" duration-ms="9040" status="PASS">
          <reporter-output>
            <line>
              <![CDATA[Logout]]>
            </line>
          </reporter-output>
        </test-method> <!-- logout -->
        <test-method is-config="true" signature="closeBrowser()[pri:0, instance:com.actitime.testscript.Customer@16ec5519]" started-at="2023-05-27T21:37:32 IST" name="closeBrowser" finished-at="2023-05-27T21:37:32 IST" duration-ms="321" status="PASS">
          <reporter-output>
            <line>
              <![CDATA[Close Browser]]>
            </line>
          </reporter-output>
        </test-method> <!-- closeBrowser -->
      </class> <!-- com.actitime.testscript.Customer -->
    </test> <!-- Test1 -->
    <test started-at="2023-05-27T21:37:32 IST" name="Test2" finished-at="2023-05-27T21:38:12 IST" duration-ms="40119">
      <class name="com.actitime.testscript.Customer">
        <test-method is-config="true" signature="openBrowser(java.lang.String)[pri:0, instance:com.actitime.testscript.Customer@5ffead27]" started-at="2023-05-27T21:37:32 IST" name="openBrowser" finished-at="2023-05-27T21:37:42 IST" duration-ms="10118" status="PASS">
          <params>
            <param index="0">
              <value>
                <![CDATA[chrome]]>
              </value>
            </param>
          </params>
          <reporter-output>
            <line>
              <![CDATA[open Browser]]>
            </line>
          </reporter-output>
        </test-method> <!-- openBrowser -->
        <test-method is-config="true" signature="login()[pri:0, instance:com.actitime.testscript.Customer@5ffead27]" started-at="2023-05-27T21:37:42 IST" name="login" finished-at="2023-05-27T21:37:43 IST" duration-ms="341" status="PASS">
          <reporter-output>
          </reporter-output>
        </test-method> <!-- login -->
        <test-method signature="customer()[pri:0, instance:com.actitime.testscript.Customer@5ffead27]" started-at="2023-05-27T21:37:43 IST" name="customer" finished-at="2023-05-27T21:37:43 IST" duration-ms="2" status="PASS">
          <reporter-output>
            <line>
              <![CDATA[create]]>
            </line>
          </reporter-output>
        </test-method> <!-- customer -->
        <test-method is-config="true" signature="logout()[pri:0, instance:com.actitime.testscript.Customer@5ffead27]" started-at="2023-05-27T21:37:43 IST" name="logout" finished-at="2023-05-27T21:38:12 IST" duration-ms="29413" status="PASS">
          <reporter-output>
            <line>
              <![CDATA[Logout]]>
            </line>
          </reporter-output>
        </test-method> <!-- logout -->
        <test-method is-config="true" signature="closeBrowser()[pri:0, instance:com.actitime.testscript.Customer@5ffead27]" started-at="2023-05-27T21:38:12 IST" name="closeBrowser" finished-at="2023-05-27T21:38:12 IST" duration-ms="242" status="PASS">
          <reporter-output>
            <line>
              <![CDATA[Close Browser]]>
            </line>
          </reporter-output>
        </test-method> <!-- closeBrowser -->
      </class> <!-- com.actitime.testscript.Customer -->
    </test> <!-- Test2 -->
  </suite> <!-- Suite -->
</testng-results>
